# JRE version: OpenJDK Runtime Environment (21.0.10) (build 21.0.10+-14961533-b1163.108)
# Java VM: OpenJDK 64-Bit Server VM (21.0.10+-14961533-b1163.108, mixed mode, tiered, compressed oops, compressed class ptrs, g1 gc, windows-amd64)
GC Precious Log:
 CardTable entry size: 512
 Card Set container configuration: InlinePtr #cards 5 size 8 Array Of Cards #cards 12 size 40 Howl #buckets 4 coarsen threshold 1843 Howl Bitmap #cards 512 size 80 coarsen threshold 460 Card regions per heap region 1 cards per card region 2048
 CPUs: 12 total, 12 available
 Memory: 7514M
 Large Page Support: Disabled
 NUMA Support: Disabled
 Compressed Oops: Enabled (32-bit)
 Heap Region Size: 1M
 Heap Min Capacity: 8M
 Heap Initial Capacity: 118M
 Heap Max Capacity: 2G
 Pre-touch: Disabled
 Parallel Workers: 10
 Concurrent Workers: 3
 Concurrent Refinement Workers: 10
 Periodic GC: Disabled
Heap:
 garbage-first heap   total 204800K, used 173282K [0x0000000080000000, 0x0000000100000000)
  region size 1024K, 56 young (57344K), 4 survivors (4096K)
 Metaspace       used 123688K, committed 126016K, reserved 1179648K
  class space    used 17414K, committed 18560K, reserved 1048576K
GC Heap History (20 events):
Event: 49.927 GC heap before
{Heap before GC invocations=37 (full 0):
 garbage-first heap   total 165888K, used 148907K [0x0000000080000000, 0x0000000100000000)
  region size 1024K, 52 young (53248K), 6 survivors (6144K)
 Metaspace       used 101751K, committed 103936K, reserved 1179648K
  class space    used 14203K, committed 15232K, reserved 1048576K
}
Event: 49.935 GC heap after
{Heap after GC invocations=38 (full 0):
 garbage-first heap   total 165888K, used 104902K [0x0000000080000000, 0x0000000100000000)
  region size 1024K, 7 young (7168K), 7 survivors (7168K)
 Metaspace       used 101751K, committed 103936K, reserved 1179648K
  class space    used 14203K, committed 15232K, reserved 1048576K
}
Event: 51.759 GC heap before
{Heap before GC invocations=38 (full 0):
 garbage-first heap   total 165888K, used 150982K [0x0000000080000000, 0x0000000100000000)
  region size 1024K, 52 young (53248K), 7 survivors (7168K)
 Metaspace       used 104158K, committed 106368K, reserved 1179648K
  class space    used 14532K, committed 15616K, reserved 1048576K
}
Event: 51.782 GC heap after
{Heap after GC invocations=39 (full 0):
 garbage-first heap   total 165888K, used 107633K [0x0000000080000000, 0x0000000100000000)
  region size 1024K, 4 young (4096K), 4 survivors (4096K)
 Metaspace       used 104158K, committed 106368K, reserved 1179648K
  class space    used 14532K, committed 15616K, reserved 1048576K
}
Event: 53.609 GC heap before
{Heap before GC invocations=40 (full 0):
 garbage-first heap   total 181248K, used 152689K [0x0000000080000000, 0x0000000100000000)
  region size 1024K, 48 young (49152K), 4 survivors (4096K)
 Metaspace       used 107085K, committed 109248K, reserved 1179648K
  class space    used 15023K, committed 16064K, reserved 1048576K
}
Event: 53.614 GC heap after
{Heap after GC invocations=41 (full 0):
 garbage-first heap   total 181248K, used 108963K [0x0000000080000000, 0x0000000100000000)
  region size 1024K, 2 young (2048K), 2 survivors (2048K)
 Metaspace       used 107085K, committed 109248K, reserved 1179648K
  class space    used 15023K, committed 16064K, reserved 1048576K
}
Event: 55.028 GC heap before
{Heap before GC invocations=41 (full 0):
 garbage-first heap   total 181248K, used 164259K [0x0000000080000000, 0x0000000100000000)
  region size 1024K, 56 young (57344K), 2 survivors (2048K)
 Metaspace       used 110897K, committed 113152K, reserved 1179648K
  class space    used 15663K, committed 16768K, reserved 1048576K
}
Event: 55.034 GC heap after
{Heap after GC invocations=42 (full 0):
 garbage-first heap   total 181248K, used 109953K [0x0000000080000000, 0x0000000100000000)
  region size 1024K, 4 young (4096K), 4 survivors (4096K)
 Metaspace       used 110897K, committed 113152K, reserved 1179648K
  class space    used 15663K, committed 16768K, reserved 1048576K
}
Event: 56.310 GC heap before
{Heap before GC invocations=42 (full 0):
 garbage-first heap   total 181248K, used 156033K [0x0000000080000000, 0x0000000100000000)
  region size 1024K, 50 young (51200K), 4 survivors (4096K)
 Metaspace       used 114122K, committed 116416K, reserved 1179648K
  class space    used 16156K, committed 17280K, reserved 1048576K
}
Event: 56.316 GC heap after
{Heap after GC invocations=43 (full 0):
 garbage-first heap   total 181248K, used 112177K [0x0000000080000000, 0x0000000100000000)
  region size 1024K, 6 young (6144K), 6 survivors (6144K)
 Metaspace       used 114122K, committed 116416K, reserved 1179648K
  class space    used 16156K, committed 17280K, reserved 1048576K
}
Event: 57.628 GC heap before
{Heap before GC invocations=44 (full 0):
 garbage-first heap   total 191488K, used 168497K [0x0000000080000000, 0x0000000100000000)
  region size 1024K, 60 young (61440K), 6 survivors (6144K)
 Metaspace       used 117492K, committed 119744K, reserved 1179648K
  class space    used 16705K, committed 17792K, reserved 1048576K
}
Event: 57.634 GC heap after
{Heap after GC invocations=45 (full 0):
 garbage-first heap   total 191488K, used 115620K [0x0000000080000000, 0x0000000100000000)
  region size 1024K, 7 young (7168K), 7 survivors (7168K)
 Metaspace       used 117492K, committed 119744K, reserved 1179648K
  class space    used 16705K, committed 17792K, reserved 1048576K
}
Event: 59.391 GC heap before
{Heap before GC invocations=45 (full 0):
 garbage-first heap   total 191488K, used 177060K [0x0000000080000000, 0x0000000100000000)
  region size 1024K, 68 young (69632K), 7 survivors (7168K)
 Metaspace       used 121729K, committed 124032K, reserved 1179648K
  class space    used 17216K, committed 18304K, reserved 1048576K
}
Event: 59.401 GC heap after
{Heap after GC invocations=46 (full 0):
 garbage-first heap   total 191488K, used 119754K [0x0000000080000000, 0x0000000100000000)
  region size 1024K, 9 young (9216K), 9 survivors (9216K)
 Metaspace       used 121729K, committed 124032K, reserved 1179648K
  class space    used 17216K, committed 18304K, reserved 1048576K
}
Event: 60.003 GC heap before
{Heap before GC invocations=46 (full 0):
 garbage-first heap   total 191488K, used 178122K [0x0000000080000000, 0x0000000100000000)
  region size 1024K, 67 young (68608K), 9 survivors (9216K)
 Metaspace       used 122248K, committed 124544K, reserved 1179648K
  class space    used 17243K, committed 18368K, reserved 1048576K
}
Event: 60.012 GC heap after
{Heap after GC invocations=47 (full 0):
 garbage-first heap   total 195584K, used 122757K [0x0000000080000000, 0x0000000100000000)
  region size 1024K, 9 young (9216K), 9 survivors (9216K)
 Metaspace       used 122248K, committed 124544K, reserved 1179648K
  class space    used 17243K, committed 18368K, reserved 1048576K
}
Event: 60.297 GC heap before
{Heap before GC invocations=47 (full 0):
 garbage-first heap   total 195584K, used 180101K [0x0000000080000000, 0x0000000100000000)
  region size 1024K, 66 young (67584K), 9 survivors (9216K)
 Metaspace       used 122769K, committed 125056K, reserved 1179648K
  class space    used 17311K, committed 18432K, reserved 1048576K
}
Event: 60.303 GC heap after
{Heap after GC invocations=48 (full 0):
 garbage-first heap   total 195584K, used 122816K [0x0000000080000000, 0x0000000100000000)
  region size 1024K, 6 young (6144K), 6 survivors (6144K)
 Metaspace       used 122769K, committed 125056K, reserved 1179648K
  class space    used 17311K, committed 18432K, reserved 1048576K
}
Event: 61.035 GC heap before
{Heap before GC invocations=49 (full 0):
 garbage-first heap   total 204800K, used 181184K [0x0000000080000000, 0x0000000100000000)
  region size 1024K, 64 young (65536K), 6 survivors (6144K)
 Metaspace       used 123076K, committed 125440K, reserved 1179648K
  class space    used 17347K, committed 18496K, reserved 1048576K
}
Event: 61.038 GC heap after
{Heap after GC invocations=50 (full 0):
 garbage-first heap   total 204800K, used 121058K [0x0000000080000000, 0x0000000100000000)
  region size 1024K, 4 young (4096K), 4 survivors (4096K)
 Metaspace       used 123076K, committed 125440K, reserved 1179648K
  class space    used 17347K, committed 18496K, reserved 1048576K
}

