# JRE version: OpenJDK Runtime Environment (21.0.10) (build 21.0.10+-14961533-b1163.108)
# Java VM: OpenJDK 64-Bit Server VM (21.0.10+-14961533-b1163.108, mixed mode, tiered, compressed oops, compressed class ptrs, g1 gc, windows-amd64)
GC Precious Log:
 CardTable entry size: 512
 Card Set container configuration: InlinePtr #cards 5 size 8 Array Of Cards #cards 12 size 40 Howl #buckets 4 coarsen threshold 1843 Howl Bitmap #cards 512 size 80 coarsen threshold 460 Card regions per heap region 1 cards per card region 2048
 CPUs: 12 total, 12 available
 Memory: 7514M
 Large Page Support: Disabled
 NUMA Support: Disabled
 Compressed Oops: Enabled (32-bit)
 Heap Region Size: 1M
 Heap Min Capacity: 8M
 Heap Initial Capacity: 118M
 Heap Max Capacity: 2G
 Pre-touch: Disabled
 Parallel Workers: 10
 Concurrent Workers: 3
 Concurrent Refinement Workers: 10
 Periodic GC: Disabled
Heap:
 garbage-first heap   total 113664K, used 72498K [0x0000000080000000, 0x0000000100000000)
  region size 1024K, 19 young (19456K), 5 survivors (5120K)
 Metaspace       used 72246K, committed 74112K, reserved 1114112K
  class space    used 10279K, committed 11200K, reserved 1048576K
GC Heap History (20 events):
Event: 20.456 GC heap before
{Heap before GC invocations=13 (full 0):
 garbage-first heap   total 84992K, used 54607K [0x0000000080000000, 0x0000000100000000)
  region size 1024K, 14 young (14336K), 3 survivors (3072K)
 Metaspace       used 58968K, committed 60608K, reserved 1114112K
  class space    used 8358K, committed 9152K, reserved 1048576K
}
Event: 20.459 GC heap after
{Heap after GC invocations=14 (full 0):
 garbage-first heap   total 84992K, used 44414K [0x0000000080000000, 0x0000000100000000)
  region size 1024K, 3 young (3072K), 3 survivors (3072K)
 Metaspace       used 58968K, committed 60608K, reserved 1114112K
  class space    used 8358K, committed 9152K, reserved 1048576K
}
Event: 21.233 GC heap before
{Heap before GC invocations=15 (full 0):
 garbage-first heap   total 84992K, used 74110K [0x0000000080000000, 0x0000000100000000)
  region size 1024K, 33 young (33792K), 3 survivors (3072K)
 Metaspace       used 62435K, committed 64064K, reserved 1114112K
  class space    used 8878K, committed 9664K, reserved 1048576K
}
Event: 21.237 GC heap after
{Heap after GC invocations=16 (full 0):
 garbage-first heap   total 84992K, used 45763K [0x0000000080000000, 0x0000000100000000)
  region size 1024K, 4 young (4096K), 4 survivors (4096K)
 Metaspace       used 62435K, committed 64064K, reserved 1114112K
  class space    used 8878K, committed 9664K, reserved 1048576K
}
Event: 21.983 GC heap before
{Heap before GC invocations=16 (full 0):
 garbage-first heap   total 84992K, used 76483K [0x0000000080000000, 0x0000000100000000)
  region size 1024K, 34 young (34816K), 4 survivors (4096K)
 Metaspace       used 66350K, committed 68160K, reserved 1114112K
  class space    used 9468K, committed 10304K, reserved 1048576K
}
Event: 21.989 GC heap after
{Heap after GC invocations=17 (full 0):
 garbage-first heap   total 84992K, used 46930K [0x0000000080000000, 0x0000000100000000)
  region size 1024K, 4 young (4096K), 4 survivors (4096K)
 Metaspace       used 66350K, committed 68160K, reserved 1114112K
  class space    used 9468K, committed 10304K, reserved 1048576K
}
Event: 22.852 GC heap before
{Heap before GC invocations=17 (full 0):
 garbage-first heap   total 84992K, used 76626K [0x0000000080000000, 0x0000000100000000)
  region size 1024K, 33 young (33792K), 4 survivors (4096K)
 Metaspace       used 70085K, committed 72000K, reserved 1114112K
  class space    used 10073K, committed 11008K, reserved 1048576K
}
Event: 22.859 GC heap after
{Heap after GC invocations=18 (full 0):
 garbage-first heap   total 84992K, used 48456K [0x0000000080000000, 0x0000000100000000)
  region size 1024K, 4 young (4096K), 4 survivors (4096K)
 Metaspace       used 70085K, committed 72000K, reserved 1114112K
  class space    used 10073K, committed 11008K, reserved 1048576K
}
Event: 33.843 GC heap before
{Heap before GC invocations=19 (full 0):
 garbage-first heap   total 84992K, used 76104K [0x0000000080000000, 0x0000000100000000)
  region size 1024K, 32 young (32768K), 4 survivors (4096K)
 Metaspace       used 71466K, committed 73344K, reserved 1114112K
  class space    used 10231K, committed 11136K, reserved 1048576K
}
Event: 33.849 GC heap after
{Heap after GC invocations=20 (full 0):
 garbage-first heap   total 84992K, used 51516K [0x0000000080000000, 0x0000000100000000)
  region size 1024K, 4 young (4096K), 4 survivors (4096K)
 Metaspace       used 71466K, committed 73344K, reserved 1114112K
  class space    used 10231K, committed 11136K, reserved 1048576K
}
Event: 34.272 GC heap before
{Heap before GC invocations=20 (full 0):
 garbage-first heap   total 84992K, used 76092K [0x0000000080000000, 0x0000000100000000)
  region size 1024K, 29 young (29696K), 4 survivors (4096K)
 Metaspace       used 71675K, committed 73600K, reserved 1114112K
  class space    used 10231K, committed 11136K, reserved 1048576K
}
Event: 34.279 GC heap after
{Heap after GC invocations=21 (full 0):
 garbage-first heap   total 87040K, used 54837K [0x0000000080000000, 0x0000000100000000)
  region size 1024K, 4 young (4096K), 4 survivors (4096K)
 Metaspace       used 71675K, committed 73600K, reserved 1114112K
  class space    used 10231K, committed 11136K, reserved 1048576K
}
Event: 34.582 GC heap before
{Heap before GC invocations=21 (full 0):
 garbage-first heap   total 87040K, used 78389K [0x0000000080000000, 0x0000000100000000)
  region size 1024K, 27 young (27648K), 4 survivors (4096K)
 Metaspace       used 71823K, committed 73728K, reserved 1114112K
  class space    used 10231K, committed 11136K, reserved 1048576K
}
Event: 34.586 GC heap after
{Heap after GC invocations=22 (full 0):
 garbage-first heap   total 87040K, used 56174K [0x0000000080000000, 0x0000000100000000)
  region size 1024K, 3 young (3072K), 3 survivors (3072K)
 Metaspace       used 71823K, committed 73728K, reserved 1114112K
  class space    used 10231K, committed 11136K, reserved 1048576K
}
Event: 34.892 GC heap before
{Heap before GC invocations=23 (full 0):
 garbage-first heap   total 94208K, used 78702K [0x0000000080000000, 0x0000000100000000)
  region size 1024K, 26 young (26624K), 3 survivors (3072K)
 Metaspace       used 71900K, committed 73792K, reserved 1114112K
  class space    used 10232K, committed 11136K, reserved 1048576K
}
Event: 34.895 GC heap after
{Heap after GC invocations=24 (full 0):
 garbage-first heap   total 94208K, used 57437K [0x0000000080000000, 0x0000000100000000)
  region size 1024K, 3 young (3072K), 3 survivors (3072K)
 Metaspace       used 71900K, committed 73792K, reserved 1114112K
  class space    used 10232K, committed 11136K, reserved 1048576K
}
Event: 35.173 GC heap before
{Heap before GC invocations=24 (full 0):
 garbage-first heap   total 94208K, used 84061K [0x0000000080000000, 0x0000000100000000)
  region size 1024K, 30 young (30720K), 3 survivors (3072K)
 Metaspace       used 71916K, committed 73792K, reserved 1114112K
  class space    used 10232K, committed 11136K, reserved 1048576K
}
Event: 35.179 GC heap after
{Heap after GC invocations=25 (full 0):
 garbage-first heap   total 113664K, used 57211K [0x0000000080000000, 0x0000000100000000)
  region size 1024K, 3 young (3072K), 3 survivors (3072K)
 Metaspace       used 71916K, committed 73792K, reserved 1114112K
  class space    used 10232K, committed 11136K, reserved 1048576K
}
Event: 35.603 GC heap before
{Heap before GC invocations=25 (full 0):
 garbage-first heap   total 113664K, used 100219K [0x0000000080000000, 0x0000000100000000)
  region size 1024K, 46 young (47104K), 3 survivors (3072K)
 Metaspace       used 71954K, committed 73792K, reserved 1114112K
  class space    used 10234K, committed 11136K, reserved 1048576K
}
Event: 35.607 GC heap after
{Heap after GC invocations=26 (full 0):
 garbage-first heap   total 113664K, used 59186K [0x0000000080000000, 0x0000000100000000)
  region size 1024K, 5 young (5120K), 5 survivors (5120K)
 Metaspace       used 71954K, committed 73792K, reserved 1114112K
  class space    used 10234K, committed 11136K, reserved 1048576K
}

